{"created": 1758457339.2183015, "duration": 0.3002281188964844, "exitcode": 1, "root": "/home/rts/\u4e0b\u8f7d/Python_src/mutants", "environment": {}, "summary": {"failed": 10, "total": 10, "collected": 10}, "collectors": [{"nodeid": "", "outcome": "passed", "result": [{"nodeid": "tests/test_add_values.py", "type": "Module"}]}, {"nodeid": "tests/test_add_values.py", "outcome": "passed", "result": [{"nodeid": "tests/test_add_values.py::test_add_values_with_func[originalInput0]", "type": "Function", "lineno": 107}, {"nodeid": "tests/test_add_values.py::test_add_values_with_func[originalInput1]", "type": "Function", "lineno": 107}, {"nodeid": "tests/test_add_values.py::test_add_values_with_func[originalInput2]", "type": "Function", "lineno": 107}, {"nodeid": "tests/test_add_values.py::test_add_values_with_func[originalInput3]", "type": "Function", "lineno": 107}, {"nodeid": "tests/test_add_values.py::test_add_values_with_func[originalInput4]", "type": "Function", "lineno": 107}, {"nodeid": "tests/test_add_values.py::test_add_values_with_func[originalInput5]", "type": "Function", "lineno": 107}, {"nodeid": "tests/test_add_values.py::test_add_values_with_func[originalInput6]", "type": "Function", "lineno": 107}, {"nodeid": "tests/test_add_values.py::test_add_values_with_func[originalInput7]", "type": "Function", "lineno": 107}, {"nodeid": "tests/test_add_values.py::test_add_values_with_func[originalInput8]", "type": "Function", "lineno": 107}, {"nodeid": "tests/test_add_values.py::test_add_values_with_func[originalInput9]", "type": "Function", "lineno": 107}]}], "tests": [{"nodeid": "tests/test_add_values.py::test_add_values_with_func[originalInput0]", "lineno": 107, "outcome": "failed", "keywords": ["test_add_values_with_func[originalInput0]", "parametrize", "pytestmark", "originalInput0", "test_add_values.py", "tests", "mutants", ""], "setup": {"duration": 0.00042733400186989456, "outcome": "passed"}, "call": {"duration": 0.00021296499471645802, "outcome": "failed", "crash": {"path": "/home/rts/\u4e0b\u8f7d/Python_src/mutants/tests/test_add_values.py", "lineno": 122, "message": "AssertionError: mutant_func \u6ca1\u6709\u88ab\u6ce8\u5165\nassert None is not None"}, "traceback": [{"path": "test_add_values.py", "lineno": 122, "message": "AssertionError"}], "longrepr": "originalInput = [1, 3, 2, 6, 9]\n\n    @pytest.mark.parametrize(\"originalInput\", [\n        [1, 3, 2, 6, 9],\n        [2, 1, 4, 4, 2],\n        [4, -2, 4, 6, 2],\n        [9, 2, 1, 5, 3, 2],\n        [-1, 9, 1, -3, -3],\n        [8, 3, 2, 6, 2, 3],\n        [1, 2, 3, 4, -5, 6],\n        [1, 2, 4, 2, 7, 5],\n        [1, 1, 2, 4, 1, 2],\n        [-2, 3, 1, 4, 7],\n    ])\n    \n    def test_add_values_with_func(originalInput):\n>       assert CURRENT_MUTANT_FUNC is not None, \"mutant_func \u6ca1\u6709\u88ab\u6ce8\u5165\"\nE       AssertionError: mutant_func \u6ca1\u6709\u88ab\u6ce8\u5165\nE       assert None is not None\n\ntest_add_values.py:122: AssertionError"}, "teardown": {"duration": 0.00024052200024016201, "outcome": "passed"}}, {"nodeid": "tests/test_add_values.py::test_add_values_with_func[originalInput1]", "lineno": 107, "outcome": "failed", "keywords": ["test_add_values_with_func[originalInput1]", "parametrize", "pytestmark", "originalInput1", "test_add_values.py", "tests", "mutants", ""], "setup": {"duration": 0.00019590499869082123, "outcome": "passed"}, "call": {"duration": 0.0001845019869506359, "outcome": "failed", "crash": {"path": "/home/rts/\u4e0b\u8f7d/Python_src/mutants/tests/test_add_values.py", "lineno": 122, "message": "AssertionError: mutant_func \u6ca1\u6709\u88ab\u6ce8\u5165\nassert None is not None"}, "traceback": [{"path": "test_add_values.py", "lineno": 122, "message": "AssertionError"}], "longrepr": "originalInput = [2, 1, 4, 4, 2]\n\n    @pytest.mark.parametrize(\"originalInput\", [\n        [1, 3, 2, 6, 9],\n        [2, 1, 4, 4, 2],\n        [4, -2, 4, 6, 2],\n        [9, 2, 1, 5, 3, 2],\n        [-1, 9, 1, -3, -3],\n        [8, 3, 2, 6, 2, 3],\n        [1, 2, 3, 4, -5, 6],\n        [1, 2, 4, 2, 7, 5],\n        [1, 1, 2, 4, 1, 2],\n        [-2, 3, 1, 4, 7],\n    ])\n    \n    def test_add_values_with_func(originalInput):\n>       assert CURRENT_MUTANT_FUNC is not None, \"mutant_func \u6ca1\u6709\u88ab\u6ce8\u5165\"\nE       AssertionError: mutant_func \u6ca1\u6709\u88ab\u6ce8\u5165\nE       assert None is not None\n\ntest_add_values.py:122: AssertionError"}, "teardown": {"duration": 0.00018599499890115112, "outcome": "passed"}}, {"nodeid": "tests/test_add_values.py::test_add_values_with_func[originalInput2]", "lineno": 107, "outcome": "failed", "keywords": ["test_add_values_with_func[originalInput2]", "parametrize", "pytestmark", "originalInput2", "test_add_values.py", "tests", "mutants", ""], "setup": {"duration": 0.00015567000082228333, "outcome": "passed"}, "call": {"duration": 0.00016439601313322783, "outcome": "failed", "crash": {"path": "/home/rts/\u4e0b\u8f7d/Python_src/mutants/tests/test_add_values.py", "lineno": 122, "message": "AssertionError: mutant_func \u6ca1\u6709\u88ab\u6ce8\u5165\nassert None is not None"}, "traceback": [{"path": "test_add_values.py", "lineno": 122, "message": "AssertionError"}], "longrepr": "originalInput = [4, -2, 4, 6, 2]\n\n    @pytest.mark.parametrize(\"originalInput\", [\n        [1, 3, 2, 6, 9],\n        [2, 1, 4, 4, 2],\n        [4, -2, 4, 6, 2],\n        [9, 2, 1, 5, 3, 2],\n        [-1, 9, 1, -3, -3],\n        [8, 3, 2, 6, 2, 3],\n        [1, 2, 3, 4, -5, 6],\n        [1, 2, 4, 2, 7, 5],\n        [1, 1, 2, 4, 1, 2],\n        [-2, 3, 1, 4, 7],\n    ])\n    \n    def test_add_values_with_func(originalInput):\n>       assert CURRENT_MUTANT_FUNC is not None, \"mutant_func \u6ca1\u6709\u88ab\u6ce8\u5165\"\nE       AssertionError: mutant_func \u6ca1\u6709\u88ab\u6ce8\u5165\nE       assert None is not None\n\ntest_add_values.py:122: AssertionError"}, "teardown": {"duration": 0.0001435269950889051, "outcome": "passed"}}, {"nodeid": "tests/test_add_values.py::test_add_values_with_func[originalInput3]", "lineno": 107, "outcome": "failed", "keywords": ["test_add_values_with_func[originalInput3]", "parametrize", "pytestmark", "originalInput3", "test_add_values.py", "tests", "mutants", ""], "setup": {"duration": 0.00014064701099414378, "outcome": "passed"}, "call": {"duration": 0.00014258301234804094, "outcome": "failed", "crash": {"path": "/home/rts/\u4e0b\u8f7d/Python_src/mutants/tests/test_add_values.py", "lineno": 122, "message": "AssertionError: mutant_func \u6ca1\u6709\u88ab\u6ce8\u5165\nassert None is not None"}, "traceback": [{"path": "test_add_values.py", "lineno": 122, "message": "AssertionError"}], "longrepr": "originalInput = [9, 2, 1, 5, 3, 2]\n\n    @pytest.mark.parametrize(\"originalInput\", [\n        [1, 3, 2, 6, 9],\n        [2, 1, 4, 4, 2],\n        [4, -2, 4, 6, 2],\n        [9, 2, 1, 5, 3, 2],\n        [-1, 9, 1, -3, -3],\n        [8, 3, 2, 6, 2, 3],\n        [1, 2, 3, 4, -5, 6],\n        [1, 2, 4, 2, 7, 5],\n        [1, 1, 2, 4, 1, 2],\n        [-2, 3, 1, 4, 7],\n    ])\n    \n    def test_add_values_with_func(originalInput):\n>       assert CURRENT_MUTANT_FUNC is not None, \"mutant_func \u6ca1\u6709\u88ab\u6ce8\u5165\"\nE       AssertionError: mutant_func \u6ca1\u6709\u88ab\u6ce8\u5165\nE       assert None is not None\n\ntest_add_values.py:122: AssertionError"}, "teardown": {"duration": 0.0001290829968638718, "outcome": "passed"}}, {"nodeid": "tests/test_add_values.py::test_add_values_with_func[originalInput4]", "lineno": 107, "outcome": "failed", "keywords": ["test_add_values_with_func[originalInput4]", "parametrize", "pytestmark", "originalInput4", "test_add_values.py", "tests", "mutants", ""], "setup": {"duration": 0.00014859699876978993, "outcome": "passed"}, "call": {"duration": 0.00014792400179430842, "outcome": "failed", "crash": {"path": "/home/rts/\u4e0b\u8f7d/Python_src/mutants/tests/test_add_values.py", "lineno": 122, "message": "AssertionError: mutant_func \u6ca1\u6709\u88ab\u6ce8\u5165\nassert None is not None"}, "traceback": [{"path": "test_add_values.py", "lineno": 122, "message": "AssertionError"}], "longrepr": "originalInput = [-1, 9, 1, -3, -3]\n\n    @pytest.mark.parametrize(\"originalInput\", [\n        [1, 3, 2, 6, 9],\n        [2, 1, 4, 4, 2],\n        [4, -2, 4, 6, 2],\n        [9, 2, 1, 5, 3, 2],\n        [-1, 9, 1, -3, -3],\n        [8, 3, 2, 6, 2, 3],\n        [1, 2, 3, 4, -5, 6],\n        [1, 2, 4, 2, 7, 5],\n        [1, 1, 2, 4, 1, 2],\n        [-2, 3, 1, 4, 7],\n    ])\n    \n    def test_add_values_with_func(originalInput):\n>       assert CURRENT_MUTANT_FUNC is not None, \"mutant_func \u6ca1\u6709\u88ab\u6ce8\u5165\"\nE       AssertionError: mutant_func \u6ca1\u6709\u88ab\u6ce8\u5165\nE       assert None is not None\n\ntest_add_values.py:122: AssertionError"}, "teardown": {"duration": 0.0001270990032935515, "outcome": "passed"}}, {"nodeid": "tests/test_add_values.py::test_add_values_with_func[originalInput5]", "lineno": 107, "outcome": "failed", "keywords": ["test_add_values_with_func[originalInput5]", "parametrize", "pytestmark", "originalInput5", "test_add_values.py", "tests", "mutants", ""], "setup": {"duration": 0.00013096000475343317, "outcome": "passed"}, "call": {"duration": 0.00013645199942402542, "outcome": "failed", "crash": {"path": "/home/rts/\u4e0b\u8f7d/Python_src/mutants/tests/test_add_values.py", "lineno": 122, "message": "AssertionError: mutant_func \u6ca1\u6709\u88ab\u6ce8\u5165\nassert None is not None"}, "traceback": [{"path": "test_add_values.py", "lineno": 122, "message": "AssertionError"}], "longrepr": "originalInput = [8, 3, 2, 6, 2, 3]\n\n    @pytest.mark.parametrize(\"originalInput\", [\n        [1, 3, 2, 6, 9],\n        [2, 1, 4, 4, 2],\n        [4, -2, 4, 6, 2],\n        [9, 2, 1, 5, 3, 2],\n        [-1, 9, 1, -3, -3],\n        [8, 3, 2, 6, 2, 3],\n        [1, 2, 3, 4, -5, 6],\n        [1, 2, 4, 2, 7, 5],\n        [1, 1, 2, 4, 1, 2],\n        [-2, 3, 1, 4, 7],\n    ])\n    \n    def test_add_values_with_func(originalInput):\n>       assert CURRENT_MUTANT_FUNC is not None, \"mutant_func \u6ca1\u6709\u88ab\u6ce8\u5165\"\nE       AssertionError: mutant_func \u6ca1\u6709\u88ab\u6ce8\u5165\nE       assert None is not None\n\ntest_add_values.py:122: AssertionError"}, "teardown": {"duration": 0.00015332399925682694, "outcome": "passed"}}, {"nodeid": "tests/test_add_values.py::test_add_values_with_func[originalInput6]", "lineno": 107, "outcome": "failed", "keywords": ["test_add_values_with_func[originalInput6]", "parametrize", "pytestmark", "originalInput6", "test_add_values.py", "tests", "mutants", ""], "setup": {"duration": 0.00022675399668514729, "outcome": "passed"}, "call": {"duration": 0.00016068499826360494, "outcome": "failed", "crash": {"path": "/home/rts/\u4e0b\u8f7d/Python_src/mutants/tests/test_add_values.py", "lineno": 122, "message": "AssertionError: mutant_func \u6ca1\u6709\u88ab\u6ce8\u5165\nassert None is not None"}, "traceback": [{"path": "test_add_values.py", "lineno": 122, "message": "AssertionError"}], "longrepr": "originalInput = [1, 2, 3, 4, -5, 6]\n\n    @pytest.mark.parametrize(\"originalInput\", [\n        [1, 3, 2, 6, 9],\n        [2, 1, 4, 4, 2],\n        [4, -2, 4, 6, 2],\n        [9, 2, 1, 5, 3, 2],\n        [-1, 9, 1, -3, -3],\n        [8, 3, 2, 6, 2, 3],\n        [1, 2, 3, 4, -5, 6],\n        [1, 2, 4, 2, 7, 5],\n        [1, 1, 2, 4, 1, 2],\n        [-2, 3, 1, 4, 7],\n    ])\n    \n    def test_add_values_with_func(originalInput):\n>       assert CURRENT_MUTANT_FUNC is not None, \"mutant_func \u6ca1\u6709\u88ab\u6ce8\u5165\"\nE       AssertionError: mutant_func \u6ca1\u6709\u88ab\u6ce8\u5165\nE       assert None is not None\n\ntest_add_values.py:122: AssertionError"}, "teardown": {"duration": 0.0002518809924367815, "outcome": "passed"}}, {"nodeid": "tests/test_add_values.py::test_add_values_with_func[originalInput7]", "lineno": 107, "outcome": "failed", "keywords": ["test_add_values_with_func[originalInput7]", "parametrize", "pytestmark", "originalInput7", "test_add_values.py", "tests", "mutants", ""], "setup": {"duration": 0.00023373399744741619, "outcome": "passed"}, "call": {"duration": 0.000172685002326034, "outcome": "failed", "crash": {"path": "/home/rts/\u4e0b\u8f7d/Python_src/mutants/tests/test_add_values.py", "lineno": 122, "message": "AssertionError: mutant_func \u6ca1\u6709\u88ab\u6ce8\u5165\nassert None is not None"}, "traceback": [{"path": "test_add_values.py", "lineno": 122, "message": "AssertionError"}], "longrepr": "originalInput = [1, 2, 4, 2, 7, 5]\n\n    @pytest.mark.parametrize(\"originalInput\", [\n        [1, 3, 2, 6, 9],\n        [2, 1, 4, 4, 2],\n        [4, -2, 4, 6, 2],\n        [9, 2, 1, 5, 3, 2],\n        [-1, 9, 1, -3, -3],\n        [8, 3, 2, 6, 2, 3],\n        [1, 2, 3, 4, -5, 6],\n        [1, 2, 4, 2, 7, 5],\n        [1, 1, 2, 4, 1, 2],\n        [-2, 3, 1, 4, 7],\n    ])\n    \n    def test_add_values_with_func(originalInput):\n>       assert CURRENT_MUTANT_FUNC is not None, \"mutant_func \u6ca1\u6709\u88ab\u6ce8\u5165\"\nE       AssertionError: mutant_func \u6ca1\u6709\u88ab\u6ce8\u5165\nE       assert None is not None\n\ntest_add_values.py:122: AssertionError"}, "teardown": {"duration": 0.00014122099673841149, "outcome": "passed"}}, {"nodeid": "tests/test_add_values.py::test_add_values_with_func[originalInput8]", "lineno": 107, "outcome": "failed", "keywords": ["test_add_values_with_func[originalInput8]", "parametrize", "pytestmark", "originalInput8", "test_add_values.py", "tests", "mutants", ""], "setup": {"duration": 0.00014845099940430373, "outcome": "passed"}, "call": {"duration": 0.00014419099898077548, "outcome": "failed", "crash": {"path": "/home/rts/\u4e0b\u8f7d/Python_src/mutants/tests/test_add_values.py", "lineno": 122, "message": "AssertionError: mutant_func \u6ca1\u6709\u88ab\u6ce8\u5165\nassert None is not None"}, "traceback": [{"path": "test_add_values.py", "lineno": 122, "message": "AssertionError"}], "longrepr": "originalInput = [1, 1, 2, 4, 1, 2]\n\n    @pytest.mark.parametrize(\"originalInput\", [\n        [1, 3, 2, 6, 9],\n        [2, 1, 4, 4, 2],\n        [4, -2, 4, 6, 2],\n        [9, 2, 1, 5, 3, 2],\n        [-1, 9, 1, -3, -3],\n        [8, 3, 2, 6, 2, 3],\n        [1, 2, 3, 4, -5, 6],\n        [1, 2, 4, 2, 7, 5],\n        [1, 1, 2, 4, 1, 2],\n        [-2, 3, 1, 4, 7],\n    ])\n    \n    def test_add_values_with_func(originalInput):\n>       assert CURRENT_MUTANT_FUNC is not None, \"mutant_func \u6ca1\u6709\u88ab\u6ce8\u5165\"\nE       AssertionError: mutant_func \u6ca1\u6709\u88ab\u6ce8\u5165\nE       assert None is not None\n\ntest_add_values.py:122: AssertionError"}, "teardown": {"duration": 0.000142905002576299, "outcome": "passed"}}, {"nodeid": "tests/test_add_values.py::test_add_values_with_func[originalInput9]", "lineno": 107, "outcome": "failed", "keywords": ["test_add_values_with_func[originalInput9]", "parametrize", "pytestmark", "originalInput9", "test_add_values.py", "tests", "mutants", ""], "setup": {"duration": 0.00014615300460718572, "outcome": "passed"}, "call": {"duration": 0.00014553801156580448, "outcome": "failed", "crash": {"path": "/home/rts/\u4e0b\u8f7d/Python_src/mutants/tests/test_add_values.py", "lineno": 122, "message": "AssertionError: mutant_func \u6ca1\u6709\u88ab\u6ce8\u5165\nassert None is not None"}, "traceback": [{"path": "test_add_values.py", "lineno": 122, "message": "AssertionError"}], "longrepr": "originalInput = [-2, 3, 1, 4, 7]\n\n    @pytest.mark.parametrize(\"originalInput\", [\n        [1, 3, 2, 6, 9],\n        [2, 1, 4, 4, 2],\n        [4, -2, 4, 6, 2],\n        [9, 2, 1, 5, 3, 2],\n        [-1, 9, 1, -3, -3],\n        [8, 3, 2, 6, 2, 3],\n        [1, 2, 3, 4, -5, 6],\n        [1, 2, 4, 2, 7, 5],\n        [1, 1, 2, 4, 1, 2],\n        [-2, 3, 1, 4, 7],\n    ])\n    \n    def test_add_values_with_func(originalInput):\n>       assert CURRENT_MUTANT_FUNC is not None, \"mutant_func \u6ca1\u6709\u88ab\u6ce8\u5165\"\nE       AssertionError: mutant_func \u6ca1\u6709\u88ab\u6ce8\u5165\nE       assert None is not None\n\ntest_add_values.py:122: AssertionError"}, "teardown": {"duration": 0.00013816100545227528, "outcome": "passed"}}], "warnings": [{"message": "Unknown config option: pytest -vv --tb\n", "category": "PytestConfigWarning", "when": "config", "filename": "/home/rts/anaconda3/envs/mutmut39/lib/python3.9/site-packages/_pytest/config/__init__.py", "lineno": 1474}]}