{
  "mutant_id": "unknown",
  "nodeid": "tests/test_add_values.py::test_add_values[originalInput4]",
  "file": "tests/test_add_values.py::test_add_values[originalInput4]",
  "line": null,
  "assert_expr": null,
  "exc_type": "check",
  "exc_msg": "check 15 == 0: MR2 failed\ntest_add_values.py:115 in test_add_values() -> applyMR_Assert(originalInput, originalResult)\ntest_add_values.py:84 in applyMR_Assert() -> check.equal(originalResult + len(originalInput) * 3, transformResult2, \"MR2 failed\")\n\n",
  "longrepr": "FAILURE: check 15 == 0: MR2 failed\\ntest_add_values.py:115 in test_add_values() -> applyMR_Assert(originalInput, originalResult)\\ntest_add_values.py:84 in applyMR_Assert() -> check.equal(originalResult + len(originalInput) * 3, transformResult2, \"MR2 failed\")\\n\\nFAILURE: check 1 == 0: MR3_2 failed\\n------------------------------------------------------------\\nFailed Checks: 2"
}